<?xml version="1.0" encoding="UTF-8"?>
<!-- Generated by org.testng.reporters.JUnitXMLReporter -->
<testsuite ignored="1" hostname="LAPTOP-OR5OMT53" failures="0" tests="3" name="Test2" time="0.058" errors="0" timestamp="2024-07-15T21:38:48 IST">
  <testcase classname="BeforeTest.c1" name="bcd" time="0.014"/>
  <testcase classname="BeforeTest.c1" name="bcd" time="0.003"/>
  <testcase classname="BeforeTest.c1" name="bcd" time="0.004"/>
  <testcase classname="BeforeTest.c1" name="efg" time="0.0">
    <ignored/>
  </testcase> <!-- efg -->
</testsuite> <!-- Test2 -->
