<?xml version="1.0" encoding="UTF-8"?>
<!-- Generated by org.testng.reporters.JUnitXMLReporter -->
<testsuite ignored="6" hostname="LAPTOP-OR5OMT53" failures="0" tests="3" name="Test" time="0.047" errors="0" timestamp="2024-07-16T15:45:13 IST">
  <testcase classname="Grouping.LoginTests" name="loginByFacebook" time="0.008"/>
  <testcase classname="Grouping.SignupTests" name="signupByTwitter" time="0.001"/>
  <testcase classname="Grouping.PaymentTests" name="paymentByPounds" time="0.001"/>
  <testcase classname="Grouping.SignupTests" name="signupByFacebook" time="0.0">
    <ignored/>
  </testcase> <!-- signupByFacebook -->
  <testcase classname="Grouping.LoginTests" name="loginByEmail" time="0.0">
    <ignored/>
  </testcase> <!-- loginByEmail -->
  <testcase classname="Grouping.SignupTests" name="signupByEmail" time="0.0">
    <ignored/>
  </testcase> <!-- signupByEmail -->
  <testcase classname="Grouping.PaymentTests" name="paymentByRupees" time="0.0">
    <ignored/>
  </testcase> <!-- paymentByRupees -->
  <testcase classname="Grouping.LoginTests" name="loginByTwitter" time="0.0">
    <ignored/>
  </testcase> <!-- loginByTwitter -->
  <testcase classname="Grouping.PaymentTests" name="paymentByDollars" time="0.0">
    <ignored/>
  </testcase> <!-- paymentByDollars -->
</testsuite> <!-- Test -->
