<?xml version="1.0" encoding="UTF-8"?>
<testng-results ignored="6" total="9" passed="3" failed="0" skipped="0">
  <reporter-output>
  </reporter-output>
  <suite started-at="2024-07-16T15:45:13 IST" name="Suite" finished-at="2024-07-16T15:45:13 IST" duration-ms="47">
    <groups>
      <group name="functional">
        <method signature="PaymentTests.paymentByPounds()[pri:3, instance:Grouping.PaymentTests@7c24b813]" name="paymentByPounds" class="Grouping.PaymentTests"/>
        <method signature="SignupTests.signupByTwitter()[pri:3, instance:Grouping.SignupTests@4fb3ee4e]" name="signupByTwitter" class="Grouping.SignupTests"/>
      </group> <!-- functional -->
      <group name="regression">
        <method signature="LoginTests.loginByFacebook()[pri:2, instance:Grouping.LoginTests@28f2a10f]" name="loginByFacebook" class="Grouping.LoginTests"/>
        <method signature="PaymentTests.paymentByPounds()[pri:3, instance:Grouping.PaymentTests@7c24b813]" name="paymentByPounds" class="Grouping.PaymentTests"/>
        <method signature="SignupTests.signupByTwitter()[pri:3, instance:Grouping.SignupTests@4fb3ee4e]" name="signupByTwitter" class="Grouping.SignupTests"/>
      </group> <!-- regression -->
      <group name="sanity">
        <method signature="PaymentTests.paymentByPounds()[pri:3, instance:Grouping.PaymentTests@7c24b813]" name="paymentByPounds" class="Grouping.PaymentTests"/>
        <method signature="SignupTests.signupByTwitter()[pri:3, instance:Grouping.SignupTests@4fb3ee4e]" name="signupByTwitter" class="Grouping.SignupTests"/>
      </group> <!-- sanity -->
    </groups>
    <test started-at="2024-07-16T15:45:13 IST" name="Test" finished-at="2024-07-16T15:45:13 IST" duration-ms="47">
      <class name="Grouping.LoginTests">
        <test-method signature="loginByFacebook()[pri:2, instance:Grouping.LoginTests@28f2a10f]" started-at="2024-07-16T15:45:13 IST" name="loginByFacebook" finished-at="2024-07-16T15:45:13 IST" duration-ms="8" status="PASS">
          <reporter-output>
          </reporter-output>
        </test-method> <!-- loginByFacebook -->
      </class> <!-- Grouping.LoginTests -->
      <class name="Grouping.SignupTests">
        <test-method signature="signupByTwitter()[pri:3, instance:Grouping.SignupTests@4fb3ee4e]" started-at="2024-07-16T15:45:13 IST" name="signupByTwitter" finished-at="2024-07-16T15:45:13 IST" duration-ms="1" status="PASS">
          <reporter-output>
          </reporter-output>
        </test-method> <!-- signupByTwitter -->
      </class> <!-- Grouping.SignupTests -->
      <class name="Grouping.PaymentTests">
        <test-method signature="paymentByPounds()[pri:3, instance:Grouping.PaymentTests@7c24b813]" started-at="2024-07-16T15:45:13 IST" name="paymentByPounds" finished-at="2024-07-16T15:45:13 IST" duration-ms="1" status="PASS">
          <reporter-output>
          </reporter-output>
        </test-method> <!-- paymentByPounds -->
      </class> <!-- Grouping.PaymentTests -->
    </test> <!-- Test -->
  </suite> <!-- Suite -->
</testng-results>
